Args in experiment:
Namespace(activation='gelu', batch_size=16, c_out=7, checkpoints='./checkpoints/', d_ff=2048, d_layers=1, d_model=512, data='custom', data_path='electricity.csv', dec_in=7, des='Exp', devices='0,1,2,3', distil=True, do_predict=False, dropout=0.05, e_layers=2, embed='timeF', embed_type=0, enc_in=321, factor=1, features='M', freq='h', gpu=0, individual=False, is_training=1, itr=1, label_len=48, learning_rate=0.001, loss='mse', lradj='type1', model='DLinear', model_id='electricity_336_96', moving_avg=25, n_heads=8, num_workers=10, output_attention=False, patience=3, pred_len=96, root_path='./dataset/', seq_len=336, target='OT', test_flop=False, train_epochs=10, train_only=False, use_amp=False, use_gpu=True, use_multi_gpu=False)
Use GPU: cuda:0
>>>>>>>start training : electricity_336_96_DLinear_custom_ftM_sl336_ll48_pl96_dm512_nh8_el2_dl1_df2048_fc1_ebtimeF_dtTrue_Exp_0>>>>>>>>>>>>>>>>>>>>>>>>>>
train 17981
val 2537
test 5165
	iters: 100, epoch: 1 | loss: 0.2161259
	speed: 0.0194s/iter; left time: 215.9125s
	iters: 200, epoch: 1 | loss: 0.1517004
	speed: 0.0060s/iter; left time: 66.6827s
	iters: 300, epoch: 1 | loss: 0.1472225
	speed: 0.0064s/iter; left time: 69.5254s
	iters: 400, epoch: 1 | loss: 0.2133907
	speed: 0.0062s/iter; left time: 67.4416s
	iters: 500, epoch: 1 | loss: 0.1373329
	speed: 0.0062s/iter; left time: 67.0349s
	iters: 600, epoch: 1 | loss: 0.1611070
	speed: 0.0061s/iter; left time: 64.8193s
	iters: 700, epoch: 1 | loss: 0.1324242
	speed: 0.0068s/iter; left time: 71.8708s
	iters: 800, epoch: 1 | loss: 0.1397707
	speed: 0.0065s/iter; left time: 67.5241s
	iters: 900, epoch: 1 | loss: 0.1736596
	speed: 0.0064s/iter; left time: 65.7026s
	iters: 1000, epoch: 1 | loss: 0.1726010
	speed: 0.0064s/iter; left time: 65.2547s
	iters: 1100, epoch: 1 | loss: 0.1540703
	speed: 0.0066s/iter; left time: 66.6351s
Epoch: 1 cost time: 7.6427836418151855
Epoch: 1, Steps: 1123 | Train Loss: 0.1633313 Vali Loss: 0.1262928 Test Loss: 0.1468290
Validation loss decreased (inf --> 0.126293).  Saving model ...
Updating learning rate to 0.001
	iters: 100, epoch: 2 | loss: 0.1458200
	speed: 0.0527s/iter; left time: 527.3652s
	iters: 200, epoch: 2 | loss: 0.1353702
	speed: 0.0068s/iter; left time: 67.4028s
	iters: 300, epoch: 2 | loss: 0.1234029
	speed: 0.0070s/iter; left time: 68.4829s
	iters: 400, epoch: 2 | loss: 0.1159780
	speed: 0.0070s/iter; left time: 68.2034s
	iters: 500, epoch: 2 | loss: 0.1304136
	speed: 0.0069s/iter; left time: 66.6270s
	iters: 600, epoch: 2 | loss: 0.1405943
	speed: 0.0074s/iter; left time: 70.0991s
	iters: 700, epoch: 2 | loss: 0.1270020
	speed: 0.0070s/iter; left time: 65.9256s
	iters: 800, epoch: 2 | loss: 0.1329082
	speed: 0.0074s/iter; left time: 69.0098s
	iters: 900, epoch: 2 | loss: 0.1568952
	speed: 0.0075s/iter; left time: 69.2031s
	iters: 1000, epoch: 2 | loss: 0.1277298
	speed: 0.0071s/iter; left time: 65.0427s
	iters: 1100, epoch: 2 | loss: 0.1214451
	speed: 0.0073s/iter; left time: 65.5525s
Epoch: 2 cost time: 8.445079803466797
Epoch: 2, Steps: 1123 | Train Loss: 0.1463188 Vali Loss: 0.1243196 Test Loss: 0.1451004
Validation loss decreased (0.126293 --> 0.124320).  Saving model ...
Updating learning rate to 0.0005
	iters: 100, epoch: 3 | loss: 0.1484140
	speed: 0.0610s/iter; left time: 541.8569s
	iters: 200, epoch: 3 | loss: 0.1341870
	speed: 0.0063s/iter; left time: 55.1377s
	iters: 300, epoch: 3 | loss: 0.1577827
	speed: 0.0067s/iter; left time: 58.5186s
	iters: 400, epoch: 3 | loss: 0.1216281
	speed: 0.0063s/iter; left time: 53.6618s
	iters: 500, epoch: 3 | loss: 0.1815834
	speed: 0.0064s/iter; left time: 54.3365s
	iters: 600, epoch: 3 | loss: 0.1311857
	speed: 0.0059s/iter; left time: 49.7775s
	iters: 700, epoch: 3 | loss: 0.1338979
	speed: 0.0061s/iter; left time: 50.5975s
	iters: 800, epoch: 3 | loss: 0.1315710
	speed: 0.0063s/iter; left time: 51.1855s
	iters: 900, epoch: 3 | loss: 0.1499571
	speed: 0.0063s/iter; left time: 51.0725s
	iters: 1000, epoch: 3 | loss: 0.1850138
	speed: 0.0066s/iter; left time: 52.3427s
	iters: 1100, epoch: 3 | loss: 0.1401231
	speed: 0.0065s/iter; left time: 51.3454s
Epoch: 3 cost time: 7.630751848220825
Epoch: 3, Steps: 1123 | Train Loss: 0.1431610 Vali Loss: 0.1216908 Test Loss: 0.1420687
Validation loss decreased (0.124320 --> 0.121691).  Saving model ...
Updating learning rate to 0.00025
	iters: 100, epoch: 4 | loss: 0.1475418
	speed: 0.0599s/iter; left time: 465.1617s
	iters: 200, epoch: 4 | loss: 0.2159488
	speed: 0.0066s/iter; left time: 50.2161s
	iters: 300, epoch: 4 | loss: 0.1406189
	speed: 0.0070s/iter; left time: 53.1526s
	iters: 400, epoch: 4 | loss: 0.2050097
	speed: 0.0069s/iter; left time: 51.3633s
	iters: 500, epoch: 4 | loss: 0.1737762
	speed: 0.0073s/iter; left time: 53.3949s
	iters: 600, epoch: 4 | loss: 0.1382826
	speed: 0.0067s/iter; left time: 48.8261s
	iters: 700, epoch: 4 | loss: 0.1256785
	speed: 0.0068s/iter; left time: 48.5186s
	iters: 800, epoch: 4 | loss: 0.1205421
	speed: 0.0067s/iter; left time: 47.2294s
	iters: 900, epoch: 4 | loss: 0.1241355
	speed: 0.0068s/iter; left time: 47.4256s
	iters: 1000, epoch: 4 | loss: 0.1226181
	speed: 0.0070s/iter; left time: 48.3068s
	iters: 1100, epoch: 4 | loss: 0.1479216
	speed: 0.0067s/iter; left time: 45.0185s
Epoch: 4 cost time: 8.162811040878296
Epoch: 4, Steps: 1123 | Train Loss: 0.1418166 Vali Loss: 0.1213941 Test Loss: 0.1415933
Validation loss decreased (0.121691 --> 0.121394).  Saving model ...
Updating learning rate to 0.000125
	iters: 100, epoch: 5 | loss: 0.1523981
	speed: 0.0581s/iter; left time: 385.6599s
	iters: 200, epoch: 5 | loss: 0.1204526
	speed: 0.0068s/iter; left time: 44.6514s
	iters: 300, epoch: 5 | loss: 0.1422949
	speed: 0.0065s/iter; left time: 41.5688s
	iters: 400, epoch: 5 | loss: 0.1215105
	speed: 0.0063s/iter; left time: 39.8992s
	iters: 500, epoch: 5 | loss: 0.1512609
	speed: 0.0063s/iter; left time: 39.3217s
	iters: 600, epoch: 5 | loss: 0.1543993
	speed: 0.0066s/iter; left time: 40.2243s
	iters: 700, epoch: 5 | loss: 0.1295740
	speed: 0.0064s/iter; left time: 38.9276s
	iters: 800, epoch: 5 | loss: 0.1502762
	speed: 0.0069s/iter; left time: 41.1218s
	iters: 900, epoch: 5 | loss: 0.1213522
	speed: 0.0067s/iter; left time: 39.2280s
	iters: 1000, epoch: 5 | loss: 0.1437739
	speed: 0.0069s/iter; left time: 39.8178s
	iters: 1100, epoch: 5 | loss: 0.1187024
	speed: 0.0063s/iter; left time: 35.5484s
Epoch: 5 cost time: 7.6347150802612305
Epoch: 5, Steps: 1123 | Train Loss: 0.1411515 Vali Loss: 0.1206321 Test Loss: 0.1411340
Validation loss decreased (0.121394 --> 0.120632).  Saving model ...
Updating learning rate to 6.25e-05
	iters: 100, epoch: 6 | loss: 0.1488397
	speed: 0.0578s/iter; left time: 318.8091s
	iters: 200, epoch: 6 | loss: 0.1373993
	speed: 0.0069s/iter; left time: 37.1583s
	iters: 300, epoch: 6 | loss: 0.1235629
	speed: 0.0066s/iter; left time: 34.8386s
	iters: 400, epoch: 6 | loss: 0.1215977
	speed: 0.0064s/iter; left time: 33.2485s
	iters: 500, epoch: 6 | loss: 0.1295795
	speed: 0.0066s/iter; left time: 33.8744s
	iters: 600, epoch: 6 | loss: 0.1831484
	speed: 0.0068s/iter; left time: 34.2916s
	iters: 700, epoch: 6 | loss: 0.1435665
	speed: 0.0069s/iter; left time: 34.0143s
	iters: 800, epoch: 6 | loss: 0.1335280
	speed: 0.0074s/iter; left time: 35.4158s
	iters: 900, epoch: 6 | loss: 0.1292027
	speed: 0.0076s/iter; left time: 36.0707s
	iters: 1000, epoch: 6 | loss: 0.1415047
	speed: 0.0067s/iter; left time: 30.7627s
	iters: 1100, epoch: 6 | loss: 0.1258515
	speed: 0.0064s/iter; left time: 29.1099s
Epoch: 6 cost time: 8.0443594455719
Epoch: 6, Steps: 1123 | Train Loss: 0.1407844 Vali Loss: 0.1199754 Test Loss: 0.1402934
Validation loss decreased (0.120632 --> 0.119975).  Saving model ...
Updating learning rate to 3.125e-05
	iters: 100, epoch: 7 | loss: 0.1258253
	speed: 0.0561s/iter; left time: 246.2483s
	iters: 200, epoch: 7 | loss: 0.1179861
	speed: 0.0064s/iter; left time: 27.5839s
	iters: 300, epoch: 7 | loss: 0.1581395
	speed: 0.0063s/iter; left time: 26.2835s
	iters: 400, epoch: 7 | loss: 0.1508193
	speed: 0.0067s/iter; left time: 27.4501s
	iters: 500, epoch: 7 | loss: 0.1433547
	speed: 0.0066s/iter; left time: 26.3936s
	iters: 600, epoch: 7 | loss: 0.1369041
	speed: 0.0064s/iter; left time: 24.7414s
	iters: 700, epoch: 7 | loss: 0.1251685
	speed: 0.0068s/iter; left time: 25.9571s
	iters: 800, epoch: 7 | loss: 0.1433047
	speed: 0.0071s/iter; left time: 26.3861s
	iters: 900, epoch: 7 | loss: 0.1330499
	speed: 0.0069s/iter; left time: 24.6360s
	iters: 1000, epoch: 7 | loss: 0.1283845
	speed: 0.0068s/iter; left time: 23.6314s
	iters: 1100, epoch: 7 | loss: 0.1489983
	speed: 0.0067s/iter; left time: 22.6369s
Epoch: 7 cost time: 7.734631299972534
Epoch: 7, Steps: 1123 | Train Loss: 0.1405677 Vali Loss: 0.1197974 Test Loss: 0.1401071
Validation loss decreased (0.119975 --> 0.119797).  Saving model ...
Updating learning rate to 1.5625e-05
	iters: 100, epoch: 8 | loss: 0.1255266
	speed: 0.0607s/iter; left time: 198.3532s
	iters: 200, epoch: 8 | loss: 0.1377520
	speed: 0.0070s/iter; left time: 22.0769s
	iters: 300, epoch: 8 | loss: 0.1332951
	speed: 0.0067s/iter; left time: 20.5054s
	iters: 400, epoch: 8 | loss: 0.1665793
	speed: 0.0067s/iter; left time: 19.9576s
	iters: 500, epoch: 8 | loss: 0.1122138
	speed: 0.0068s/iter; left time: 19.5998s
	iters: 600, epoch: 8 | loss: 0.1306347
	speed: 0.0065s/iter; left time: 18.0611s
	iters: 700, epoch: 8 | loss: 0.1423670
	speed: 0.0069s/iter; left time: 18.3970s
	iters: 800, epoch: 8 | loss: 0.1400286
	speed: 0.0069s/iter; left time: 17.6562s
	iters: 900, epoch: 8 | loss: 0.1537085
	speed: 0.0069s/iter; left time: 16.9369s
	iters: 1000, epoch: 8 | loss: 0.1278992
	speed: 0.0067s/iter; left time: 15.9331s
	iters: 1100, epoch: 8 | loss: 0.1927326
	speed: 0.0066s/iter; left time: 14.9607s
Epoch: 8 cost time: 8.078110218048096
Epoch: 8, Steps: 1123 | Train Loss: 0.1404823 Vali Loss: 0.1196322 Test Loss: 0.1400928
Validation loss decreased (0.119797 --> 0.119632).  Saving model ...
Updating learning rate to 7.8125e-06
	iters: 100, epoch: 9 | loss: 0.1448081
	speed: 0.0565s/iter; left time: 121.2764s
	iters: 200, epoch: 9 | loss: 0.1122652
	speed: 0.0067s/iter; left time: 13.7836s
	iters: 300, epoch: 9 | loss: 0.1769328
	speed: 0.0067s/iter; left time: 13.1010s
	iters: 400, epoch: 9 | loss: 0.1290632
	speed: 0.0068s/iter; left time: 12.5071s
	iters: 500, epoch: 9 | loss: 0.1372297
	speed: 0.0067s/iter; left time: 11.7586s
	iters: 600, epoch: 9 | loss: 0.1562193
	speed: 0.0064s/iter; left time: 10.6098s
	iters: 700, epoch: 9 | loss: 0.1094461
	speed: 0.0063s/iter; left time: 9.7921s
	iters: 800, epoch: 9 | loss: 0.1207878
	speed: 0.0064s/iter; left time: 9.3194s
	iters: 900, epoch: 9 | loss: 0.1217790
	speed: 0.0064s/iter; left time: 8.6320s
	iters: 1000, epoch: 9 | loss: 0.1420484
	speed: 0.0067s/iter; left time: 8.3108s
	iters: 1100, epoch: 9 | loss: 0.1548681
	speed: 0.0065s/iter; left time: 7.4149s
Epoch: 9 cost time: 7.692789793014526
Epoch: 9, Steps: 1123 | Train Loss: 0.1404257 Vali Loss: 0.1196386 Test Loss: 0.1400566
EarlyStopping counter: 1 out of 3
Updating learning rate to 3.90625e-06
	iters: 100, epoch: 10 | loss: 0.1125172
	speed: 0.0592s/iter; left time: 60.6104s
	iters: 200, epoch: 10 | loss: 0.1120386
	speed: 0.0070s/iter; left time: 6.4415s
	iters: 300, epoch: 10 | loss: 0.1290214
	speed: 0.0063s/iter; left time: 5.1584s
	iters: 400, epoch: 10 | loss: 0.1525357
	speed: 0.0057s/iter; left time: 4.1467s
	iters: 500, epoch: 10 | loss: 0.1458532
	speed: 0.0068s/iter; left time: 4.2426s
	iters: 600, epoch: 10 | loss: 0.1350901
	speed: 0.0063s/iter; left time: 3.2869s
	iters: 700, epoch: 10 | loss: 0.1136381
	speed: 0.0070s/iter; left time: 2.9712s
	iters: 800, epoch: 10 | loss: 0.1349082
	speed: 0.0069s/iter; left time: 2.2279s
	iters: 900, epoch: 10 | loss: 0.1543773
	speed: 0.0068s/iter; left time: 1.5247s
	iters: 1000, epoch: 10 | loss: 0.1310026
	speed: 0.0066s/iter; left time: 0.8215s
	iters: 1100, epoch: 10 | loss: 0.1282632
	speed: 0.0069s/iter; left time: 0.1664s
Epoch: 10 cost time: 7.8715479373931885
Epoch: 10, Steps: 1123 | Train Loss: 0.1403830 Vali Loss: 0.1195703 Test Loss: 0.1400842
Validation loss decreased (0.119632 --> 0.119570).  Saving model ...
Updating learning rate to 1.953125e-06
>>>>>>>testing : electricity_336_96_DLinear_custom_ftM_sl336_ll48_pl96_dm512_nh8_el2_dl1_df2048_fc1_ebtimeF_dtTrue_Exp_0<<<<<<<<<<<<<<<<<<<<<<<<<<<<<<<<<
test 5165
mse:0.14007581770420074, mae:0.23739677667617798
