Args in experiment:
Namespace(activation='gelu', batch_size=32, c_out=7, checkpoints='./checkpoints/', d_ff=2048, d_layers=1, d_model=512, data='ETTh1', data_path='ETTh1.csv', dec_in=7, des='Exp', devices='0,1,2,3', distil=True, do_predict=False, dropout=0.05, e_layers=2, embed='timeF', embed_type=0, enc_in=7, factor=1, features='M', freq='h', gpu=0, individual=False, is_training=1, itr=1, label_len=48, learning_rate=0.005, loss='mse', lradj='type1', model='DLinear', model_id='ETTh1_336_96', moving_avg=25, n_heads=8, num_workers=10, output_attention=False, patience=3, pred_len=96, root_path='./dataset/', seq_len=336, target='OT', test_flop=False, train_epochs=10, train_only=False, use_amp=False, use_gpu=True, use_multi_gpu=False)
Use GPU: cuda:0
>>>>>>>start training : ETTh1_336_96_DLinear_ETTh1_ftM_sl336_ll48_pl96_dm512_nh8_el2_dl1_df2048_fc1_ebtimeF_dtTrue_Exp_0>>>>>>>>>>>>>>>>>>>>>>>>>>
train 8209
val 2785
test 2785
	iters: 100, epoch: 1 | loss: 0.3399413
	speed: 0.0090s/iter; left time: 22.0356s
	iters: 200, epoch: 1 | loss: 0.3660883
	speed: 0.0023s/iter; left time: 5.4988s
Epoch: 1 cost time: 0.9893243312835693
Epoch: 1, Steps: 256 | Train Loss: 0.4029245 Vali Loss: 0.7159958 Test Loss: 0.4223829
Validation loss decreased (inf --> 0.715996).  Saving model ...
Updating learning rate to 0.005
	iters: 100, epoch: 2 | loss: 0.4710605
	speed: 0.0110s/iter; left time: 24.2932s
	iters: 200, epoch: 2 | loss: 0.4261848
	speed: 0.0019s/iter; left time: 4.0539s
Epoch: 2 cost time: 0.6431641578674316
Epoch: 2, Steps: 256 | Train Loss: 0.3777461 Vali Loss: 0.7026909 Test Loss: 0.4617932
Validation loss decreased (0.715996 --> 0.702691).  Saving model ...
Updating learning rate to 0.0025
	iters: 100, epoch: 3 | loss: 0.4502370
	speed: 0.0106s/iter; left time: 20.7342s
	iters: 200, epoch: 3 | loss: 0.3483346
	speed: 0.0023s/iter; left time: 4.1843s
Epoch: 3 cost time: 0.6922214031219482
Epoch: 3, Steps: 256 | Train Loss: 0.3555608 Vali Loss: 0.7140683 Test Loss: 0.3948340
EarlyStopping counter: 1 out of 3
Updating learning rate to 0.00125
	iters: 100, epoch: 4 | loss: 0.3529106
	speed: 0.0117s/iter; left time: 19.7814s
	iters: 200, epoch: 4 | loss: 0.4078414
	speed: 0.0020s/iter; left time: 3.1810s
Epoch: 4 cost time: 0.7365529537200928
Epoch: 4, Steps: 256 | Train Loss: 0.3421529 Vali Loss: 0.6486187 Test Loss: 0.3856722
Validation loss decreased (0.702691 --> 0.648619).  Saving model ...
Updating learning rate to 0.000625
	iters: 100, epoch: 5 | loss: 0.3692797
	speed: 0.0107s/iter; left time: 15.3712s
	iters: 200, epoch: 5 | loss: 0.3427099
	speed: 0.0022s/iter; left time: 2.8905s
Epoch: 5 cost time: 0.7141504287719727
Epoch: 5, Steps: 256 | Train Loss: 0.3369668 Vali Loss: 0.6703700 Test Loss: 0.3762412
EarlyStopping counter: 1 out of 3
Updating learning rate to 0.0003125
	iters: 100, epoch: 6 | loss: 0.3457166
	speed: 0.0117s/iter; left time: 13.7846s
	iters: 200, epoch: 6 | loss: 0.3241579
	speed: 0.0022s/iter; left time: 2.4198s
Epoch: 6 cost time: 0.7662537097930908
Epoch: 6, Steps: 256 | Train Loss: 0.3338273 Vali Loss: 0.6666238 Test Loss: 0.3734278
EarlyStopping counter: 2 out of 3
Updating learning rate to 0.00015625
	iters: 100, epoch: 7 | loss: 0.3143586
	speed: 0.0113s/iter; left time: 10.4179s
	iters: 200, epoch: 7 | loss: 0.3235159
	speed: 0.0021s/iter; left time: 1.7125s
Epoch: 7 cost time: 0.6703095436096191
Epoch: 7, Steps: 256 | Train Loss: 0.3320066 Vali Loss: 0.6627674 Test Loss: 0.3719860
EarlyStopping counter: 3 out of 3
Early stopping
>>>>>>>testing : ETTh1_336_96_DLinear_ETTh1_ftM_sl336_ll48_pl96_dm512_nh8_el2_dl1_df2048_fc1_ebtimeF_dtTrue_Exp_0<<<<<<<<<<<<<<<<<<<<<<<<<<<<<<<<<
test 2785
mse:0.3841443955898285, mae:0.40471312403678894
