Args in experiment:
Namespace(activation='gelu', batch_size=16, c_out=7, checkpoints='./checkpoints/', d_ff=2048, d_layers=1, d_model=512, data='custom', data_path='weather.csv', dec_in=7, des='Exp', devices='0,1,2,3', distil=True, do_predict=False, dropout=0.05, e_layers=2, embed='timeF', embed_type=0, enc_in=21, factor=1, features='M', freq='h', gpu=0, individual=False, is_training=1, itr=1, label_len=48, learning_rate=0.001, loss='mse', lradj='type1', model='DLinear', model_id='weather_336_96', moving_avg=25, n_heads=8, num_workers=10, output_attention=False, patience=3, pred_len=96, root_path='./dataset/', seq_len=336, target='OT', test_flop=False, train_epochs=10, train_only=False, use_amp=False, use_gpu=True, use_multi_gpu=False)
Use GPU: cuda:0
>>>>>>>start training : weather_336_96_DLinear_custom_ftM_sl336_ll48_pl96_dm512_nh8_el2_dl1_df2048_fc1_ebtimeF_dtTrue_Exp_0>>>>>>>>>>>>>>>>>>>>>>>>>>
train 36456
val 5175
test 10444
	iters: 100, epoch: 1 | loss: 0.4052050
	speed: 0.0137s/iter; left time: 310.5385s
	iters: 200, epoch: 1 | loss: 0.3909213
	speed: 0.0020s/iter; left time: 44.1133s
	iters: 300, epoch: 1 | loss: 0.2463808
	speed: 0.0018s/iter; left time: 41.5807s
	iters: 400, epoch: 1 | loss: 0.4679120
	speed: 0.0024s/iter; left time: 52.9089s
	iters: 500, epoch: 1 | loss: 0.3840056
	speed: 0.0023s/iter; left time: 50.1880s
	iters: 600, epoch: 1 | loss: 0.2310741
	speed: 0.0021s/iter; left time: 46.2352s
	iters: 700, epoch: 1 | loss: 0.3154271
	speed: 0.0024s/iter; left time: 53.9158s
	iters: 800, epoch: 1 | loss: 0.3318236
	speed: 0.0023s/iter; left time: 50.6606s
	iters: 900, epoch: 1 | loss: 0.4747088
	speed: 0.0025s/iter; left time: 53.8751s
	iters: 1000, epoch: 1 | loss: 0.3372133
	speed: 0.0024s/iter; left time: 52.4414s
	iters: 1100, epoch: 1 | loss: 0.5627799
	speed: 0.0025s/iter; left time: 53.8159s
	iters: 1200, epoch: 1 | loss: 2.2130399
	speed: 0.0024s/iter; left time: 52.2927s
	iters: 1300, epoch: 1 | loss: 0.3507642
	speed: 0.0024s/iter; left time: 51.5342s
	iters: 1400, epoch: 1 | loss: 0.9558803
	speed: 0.0024s/iter; left time: 52.0708s
	iters: 1500, epoch: 1 | loss: 0.4243760
	speed: 0.0024s/iter; left time: 51.1841s
	iters: 1600, epoch: 1 | loss: 0.3869612
	speed: 0.0023s/iter; left time: 48.1923s
	iters: 1700, epoch: 1 | loss: 0.6005000
	speed: 0.0023s/iter; left time: 49.2227s
	iters: 1800, epoch: 1 | loss: 2.2844658
	speed: 0.0023s/iter; left time: 48.4630s
	iters: 1900, epoch: 1 | loss: 0.4048508
	speed: 0.0024s/iter; left time: 50.9595s
	iters: 2000, epoch: 1 | loss: 2.1821580
	speed: 0.0024s/iter; left time: 48.8416s
	iters: 2100, epoch: 1 | loss: 0.5581787
	speed: 0.0023s/iter; left time: 47.8233s
	iters: 2200, epoch: 1 | loss: 0.5207828
	speed: 0.0022s/iter; left time: 46.0114s
Epoch: 1 cost time: 5.725127935409546
Epoch: 1, Steps: 2278 | Train Loss: 0.4738784 Vali Loss: 0.4461463 Test Loss: 0.1853521
Validation loss decreased (inf --> 0.446146).  Saving model ...
Updating learning rate to 0.001
	iters: 100, epoch: 2 | loss: 0.2583434
	speed: 0.0300s/iter; left time: 611.7622s
	iters: 200, epoch: 2 | loss: 0.3023819
	speed: 0.0023s/iter; left time: 45.7042s
	iters: 300, epoch: 2 | loss: 0.2690675
	speed: 0.0021s/iter; left time: 42.7991s
	iters: 400, epoch: 2 | loss: 0.5061847
	speed: 0.0022s/iter; left time: 43.3363s
	iters: 500, epoch: 2 | loss: 2.1834393
	speed: 0.0019s/iter; left time: 38.6658s
	iters: 600, epoch: 2 | loss: 2.0579462
	speed: 0.0022s/iter; left time: 44.7771s
	iters: 700, epoch: 2 | loss: 0.5851517
	speed: 0.0022s/iter; left time: 43.7495s
	iters: 800, epoch: 2 | loss: 0.4123739
	speed: 0.0021s/iter; left time: 41.5532s
	iters: 900, epoch: 2 | loss: 0.8056270
	speed: 0.0021s/iter; left time: 40.7209s
	iters: 1000, epoch: 2 | loss: 0.3029280
	speed: 0.0021s/iter; left time: 40.6655s
	iters: 1100, epoch: 2 | loss: 0.3142694
	speed: 0.0023s/iter; left time: 45.2467s
	iters: 1200, epoch: 2 | loss: 2.0814233
	speed: 0.0020s/iter; left time: 39.4074s
	iters: 1300, epoch: 2 | loss: 0.3982614
	speed: 0.0022s/iter; left time: 41.8614s
	iters: 1400, epoch: 2 | loss: 0.4548360
	speed: 0.0025s/iter; left time: 48.4479s
	iters: 1500, epoch: 2 | loss: 0.3832745
	speed: 0.0021s/iter; left time: 39.6348s
	iters: 1600, epoch: 2 | loss: 2.0525410
	speed: 0.0023s/iter; left time: 44.2220s
	iters: 1700, epoch: 2 | loss: 0.3332662
	speed: 0.0026s/iter; left time: 49.2280s
	iters: 1800, epoch: 2 | loss: 0.4009238
	speed: 0.0026s/iter; left time: 48.5295s
	iters: 1900, epoch: 2 | loss: 0.4222305
	speed: 0.0026s/iter; left time: 48.0838s
	iters: 2000, epoch: 2 | loss: 0.2957643
	speed: 0.0027s/iter; left time: 49.2090s
	iters: 2100, epoch: 2 | loss: 0.6209708
	speed: 0.0026s/iter; left time: 48.3584s
	iters: 2200, epoch: 2 | loss: 0.3611539
	speed: 0.0025s/iter; left time: 46.2968s
Epoch: 2 cost time: 5.477916955947876
Epoch: 2, Steps: 2278 | Train Loss: 0.4680288 Vali Loss: 0.4404793 Test Loss: 0.1757845
Validation loss decreased (0.446146 --> 0.440479).  Saving model ...
Updating learning rate to 0.0005
	iters: 100, epoch: 3 | loss: 0.3205746
	speed: 0.0314s/iter; left time: 569.6043s
	iters: 200, epoch: 3 | loss: 2.2984242
	speed: 0.0021s/iter; left time: 38.5360s
	iters: 300, epoch: 3 | loss: 0.4386207
	speed: 0.0025s/iter; left time: 44.1650s
	iters: 400, epoch: 3 | loss: 0.7367817
	speed: 0.0025s/iter; left time: 45.4274s
	iters: 500, epoch: 3 | loss: 0.3459494
	speed: 0.0026s/iter; left time: 46.7042s
	iters: 600, epoch: 3 | loss: 0.4949934
	speed: 0.0025s/iter; left time: 44.9245s
	iters: 700, epoch: 3 | loss: 0.3085822
	speed: 0.0026s/iter; left time: 45.2970s
	iters: 800, epoch: 3 | loss: 2.2321818
	speed: 0.0025s/iter; left time: 43.6463s
	iters: 900, epoch: 3 | loss: 0.3267948
	speed: 0.0026s/iter; left time: 45.3358s
	iters: 1000, epoch: 3 | loss: 0.3609851
	speed: 0.0025s/iter; left time: 42.6631s
	iters: 1100, epoch: 3 | loss: 0.3998841
	speed: 0.0025s/iter; left time: 43.5784s
	iters: 1200, epoch: 3 | loss: 0.3170922
	speed: 0.0025s/iter; left time: 42.5775s
	iters: 1300, epoch: 3 | loss: 0.5957959
	speed: 0.0026s/iter; left time: 44.4948s
	iters: 1400, epoch: 3 | loss: 2.2617214
	speed: 0.0026s/iter; left time: 43.0066s
	iters: 1500, epoch: 3 | loss: 0.3063677
	speed: 0.0026s/iter; left time: 42.9023s
	iters: 1600, epoch: 3 | loss: 0.3459316
	speed: 0.0026s/iter; left time: 43.2371s
	iters: 1700, epoch: 3 | loss: 0.2732688
	speed: 0.0027s/iter; left time: 44.1141s
	iters: 1800, epoch: 3 | loss: 2.2595153
	speed: 0.0026s/iter; left time: 42.1789s
	iters: 1900, epoch: 3 | loss: 0.3389999
	speed: 0.0024s/iter; left time: 38.7039s
	iters: 2000, epoch: 3 | loss: 0.2588872
	speed: 0.0027s/iter; left time: 43.6248s
	iters: 2100, epoch: 3 | loss: 0.4907573
	speed: 0.0027s/iter; left time: 44.1716s
	iters: 2200, epoch: 3 | loss: 0.5968070
	speed: 0.0027s/iter; left time: 43.1449s
Epoch: 3 cost time: 5.9832048416137695
Epoch: 3, Steps: 2278 | Train Loss: 0.4592172 Vali Loss: 0.4268692 Test Loss: 0.1776015
Validation loss decreased (0.440479 --> 0.426869).  Saving model ...
Updating learning rate to 0.00025
	iters: 100, epoch: 4 | loss: 0.3418998
	speed: 0.0326s/iter; left time: 515.8418s
	iters: 200, epoch: 4 | loss: 0.4719582
	speed: 0.0024s/iter; left time: 38.4775s
	iters: 300, epoch: 4 | loss: 0.2655210
	speed: 0.0021s/iter; left time: 32.6470s
	iters: 400, epoch: 4 | loss: 0.3587130
	speed: 0.0022s/iter; left time: 33.9336s
	iters: 500, epoch: 4 | loss: 0.3145754
	speed: 0.0023s/iter; left time: 35.0009s
	iters: 600, epoch: 4 | loss: 0.3420986
	speed: 0.0025s/iter; left time: 37.9863s
	iters: 700, epoch: 4 | loss: 0.3131626
	speed: 0.0023s/iter; left time: 35.2391s
	iters: 800, epoch: 4 | loss: 0.3018140
	speed: 0.0024s/iter; left time: 37.0807s
	iters: 900, epoch: 4 | loss: 0.3980454
	speed: 0.0021s/iter; left time: 32.3041s
	iters: 1000, epoch: 4 | loss: 0.5325739
	speed: 0.0022s/iter; left time: 32.3785s
	iters: 1100, epoch: 4 | loss: 0.3296400
	speed: 0.0022s/iter; left time: 32.1621s
	iters: 1200, epoch: 4 | loss: 0.3823245
	speed: 0.0021s/iter; left time: 30.9145s
	iters: 1300, epoch: 4 | loss: 0.2407278
	speed: 0.0021s/iter; left time: 31.2561s
	iters: 1400, epoch: 4 | loss: 2.2713213
	speed: 0.0027s/iter; left time: 39.8112s
	iters: 1500, epoch: 4 | loss: 0.2339891
	speed: 0.0026s/iter; left time: 37.2298s
	iters: 1600, epoch: 4 | loss: 0.4149108
	speed: 0.0027s/iter; left time: 39.0275s
	iters: 1700, epoch: 4 | loss: 0.7409203
	speed: 0.0028s/iter; left time: 40.0456s
	iters: 1800, epoch: 4 | loss: 0.4160137
	speed: 0.0027s/iter; left time: 38.0905s
	iters: 1900, epoch: 4 | loss: 0.4338222
	speed: 0.0021s/iter; left time: 29.3463s
	iters: 2000, epoch: 4 | loss: 0.4105282
	speed: 0.0026s/iter; left time: 35.6241s
	iters: 2100, epoch: 4 | loss: 0.3160234
	speed: 0.0028s/iter; left time: 38.3294s
	iters: 2200, epoch: 4 | loss: 0.5022703
	speed: 0.0026s/iter; left time: 35.9922s
Epoch: 4 cost time: 5.640746831893921
Epoch: 4, Steps: 2278 | Train Loss: 0.4552938 Vali Loss: 0.4280412 Test Loss: 0.1774224
EarlyStopping counter: 1 out of 3
Updating learning rate to 0.000125
	iters: 100, epoch: 5 | loss: 0.4506043
	speed: 0.0338s/iter; left time: 459.0725s
	iters: 200, epoch: 5 | loss: 0.5688533
	speed: 0.0026s/iter; left time: 35.4266s
	iters: 300, epoch: 5 | loss: 0.3475794
	speed: 0.0026s/iter; left time: 34.9793s
	iters: 400, epoch: 5 | loss: 0.2468258
	speed: 0.0026s/iter; left time: 35.0146s
	iters: 500, epoch: 5 | loss: 0.2617152
	speed: 0.0027s/iter; left time: 35.2247s
	iters: 600, epoch: 5 | loss: 0.2888253
	speed: 0.0026s/iter; left time: 33.9549s
	iters: 700, epoch: 5 | loss: 0.5120845
	speed: 0.0027s/iter; left time: 34.9767s
	iters: 800, epoch: 5 | loss: 0.2393377
	speed: 0.0028s/iter; left time: 35.9436s
	iters: 900, epoch: 5 | loss: 0.3347293
	speed: 0.0024s/iter; left time: 31.1714s
	iters: 1000, epoch: 5 | loss: 0.2376536
	speed: 0.0027s/iter; left time: 33.7888s
	iters: 1100, epoch: 5 | loss: 0.4237334
	speed: 0.0025s/iter; left time: 31.5468s
	iters: 1200, epoch: 5 | loss: 0.2859384
	speed: 0.0027s/iter; left time: 33.2498s
	iters: 1300, epoch: 5 | loss: 0.5381982
	speed: 0.0026s/iter; left time: 32.2051s
	iters: 1400, epoch: 5 | loss: 0.5276312
	speed: 0.0028s/iter; left time: 34.2717s
	iters: 1500, epoch: 5 | loss: 0.2548849
	speed: 0.0026s/iter; left time: 31.5209s
	iters: 1600, epoch: 5 | loss: 0.4151864
	speed: 0.0027s/iter; left time: 32.9485s
	iters: 1700, epoch: 5 | loss: 0.5203139
	speed: 0.0026s/iter; left time: 30.7981s
	iters: 1800, epoch: 5 | loss: 0.2968313
	speed: 0.0026s/iter; left time: 30.9238s
	iters: 1900, epoch: 5 | loss: 0.2477588
	speed: 0.0026s/iter; left time: 30.4143s
	iters: 2000, epoch: 5 | loss: 0.3590756
	speed: 0.0026s/iter; left time: 30.4239s
	iters: 2100, epoch: 5 | loss: 0.4461198
	speed: 0.0026s/iter; left time: 30.4856s
	iters: 2200, epoch: 5 | loss: 0.2219142
	speed: 0.0025s/iter; left time: 28.9831s
Epoch: 5 cost time: 6.187313556671143
Epoch: 5, Steps: 2278 | Train Loss: 0.4528619 Vali Loss: 0.4250937 Test Loss: 0.1732482
Validation loss decreased (0.426869 --> 0.425094).  Saving model ...
Updating learning rate to 6.25e-05
	iters: 100, epoch: 6 | loss: 0.4528145
	speed: 0.0343s/iter; left time: 387.5856s
	iters: 200, epoch: 6 | loss: 0.6234800
	speed: 0.0024s/iter; left time: 27.2535s
	iters: 300, epoch: 6 | loss: 0.3170149
	speed: 0.0025s/iter; left time: 27.5324s
	iters: 400, epoch: 6 | loss: 0.4025843
	speed: 0.0024s/iter; left time: 26.1794s
	iters: 500, epoch: 6 | loss: 0.2749649
	speed: 0.0026s/iter; left time: 28.7931s
	iters: 600, epoch: 6 | loss: 0.2977721
	speed: 0.0027s/iter; left time: 29.2540s
	iters: 700, epoch: 6 | loss: 0.3845568
	speed: 0.0026s/iter; left time: 28.1945s
	iters: 800, epoch: 6 | loss: 0.2654740
	speed: 0.0026s/iter; left time: 27.3457s
	iters: 900, epoch: 6 | loss: 0.3519461
	speed: 0.0027s/iter; left time: 28.0642s
	iters: 1000, epoch: 6 | loss: 0.3591617
	speed: 0.0027s/iter; left time: 27.8764s
	iters: 1100, epoch: 6 | loss: 0.4311250
	speed: 0.0026s/iter; left time: 26.5739s
	iters: 1200, epoch: 6 | loss: 0.5317534
	speed: 0.0022s/iter; left time: 22.8973s
	iters: 1300, epoch: 6 | loss: 0.2725501
	speed: 0.0022s/iter; left time: 22.0166s
	iters: 1400, epoch: 6 | loss: 0.3340007
	speed: 0.0023s/iter; left time: 23.3085s
	iters: 1500, epoch: 6 | loss: 0.3081367
	speed: 0.0023s/iter; left time: 23.0893s
	iters: 1600, epoch: 6 | loss: 0.6400149
	speed: 0.0022s/iter; left time: 21.7142s
	iters: 1700, epoch: 6 | loss: 0.2903449
	speed: 0.0020s/iter; left time: 19.1722s
	iters: 1800, epoch: 6 | loss: 0.2800743
	speed: 0.0020s/iter; left time: 19.4543s
	iters: 1900, epoch: 6 | loss: 0.6774551
	speed: 0.0026s/iter; left time: 24.5427s
	iters: 2000, epoch: 6 | loss: 0.3520449
	speed: 0.0023s/iter; left time: 21.7839s
	iters: 2100, epoch: 6 | loss: 0.3539336
	speed: 0.0026s/iter; left time: 23.7192s
	iters: 2200, epoch: 6 | loss: 0.3595934
	speed: 0.0024s/iter; left time: 22.4589s
Epoch: 6 cost time: 5.842162132263184
Epoch: 6, Steps: 2278 | Train Loss: 0.4516368 Vali Loss: 0.4232899 Test Loss: 0.1756004
Validation loss decreased (0.425094 --> 0.423290).  Saving model ...
Updating learning rate to 3.125e-05
	iters: 100, epoch: 7 | loss: 1.1043754
	speed: 0.0342s/iter; left time: 308.5607s
	iters: 200, epoch: 7 | loss: 0.5084884
	speed: 0.0024s/iter; left time: 21.2669s
	iters: 300, epoch: 7 | loss: 0.6905725
	speed: 0.0020s/iter; left time: 17.2464s
	iters: 400, epoch: 7 | loss: 0.3687812
	speed: 0.0020s/iter; left time: 17.7595s
	iters: 500, epoch: 7 | loss: 0.7178453
	speed: 0.0023s/iter; left time: 19.6243s
	iters: 600, epoch: 7 | loss: 0.2930356
	speed: 0.0023s/iter; left time: 19.3734s
	iters: 700, epoch: 7 | loss: 0.2503467
	speed: 0.0022s/iter; left time: 18.4409s
	iters: 800, epoch: 7 | loss: 0.2222022
	speed: 0.0021s/iter; left time: 17.3465s
	iters: 900, epoch: 7 | loss: 0.2721862
	speed: 0.0020s/iter; left time: 16.7199s
	iters: 1000, epoch: 7 | loss: 0.3821531
	speed: 0.0021s/iter; left time: 17.0741s
	iters: 1100, epoch: 7 | loss: 0.2476359
	speed: 0.0021s/iter; left time: 16.8790s
	iters: 1200, epoch: 7 | loss: 0.2561744
	speed: 0.0021s/iter; left time: 16.6329s
	iters: 1300, epoch: 7 | loss: 0.1589745
	speed: 0.0021s/iter; left time: 16.5603s
	iters: 1400, epoch: 7 | loss: 0.2547933
	speed: 0.0022s/iter; left time: 16.8981s
	iters: 1500, epoch: 7 | loss: 0.3734132
	speed: 0.0023s/iter; left time: 17.3521s
	iters: 1600, epoch: 7 | loss: 0.4041613
	speed: 0.0024s/iter; left time: 17.7293s
	iters: 1700, epoch: 7 | loss: 0.3539802
	speed: 0.0025s/iter; left time: 18.3043s
	iters: 1800, epoch: 7 | loss: 0.2840800
	speed: 0.0026s/iter; left time: 18.8069s
	iters: 1900, epoch: 7 | loss: 0.4680288
	speed: 0.0026s/iter; left time: 18.9979s
	iters: 2000, epoch: 7 | loss: 0.2558412
	speed: 0.0027s/iter; left time: 19.3926s
	iters: 2100, epoch: 7 | loss: 0.7052917
	speed: 0.0026s/iter; left time: 18.2415s
	iters: 2200, epoch: 7 | loss: 0.4510387
	speed: 0.0027s/iter; left time: 18.5239s
Epoch: 7 cost time: 5.545076370239258
Epoch: 7, Steps: 2278 | Train Loss: 0.4509253 Vali Loss: 0.4253451 Test Loss: 0.1733836
EarlyStopping counter: 1 out of 3
Updating learning rate to 1.5625e-05
	iters: 100, epoch: 8 | loss: 0.2766863
	speed: 0.0323s/iter; left time: 217.5997s
	iters: 200, epoch: 8 | loss: 0.2938463
	speed: 0.0025s/iter; left time: 16.3550s
	iters: 300, epoch: 8 | loss: 0.3615941
	speed: 0.0024s/iter; left time: 15.9331s
	iters: 400, epoch: 8 | loss: 0.2789474
	speed: 0.0026s/iter; left time: 16.7953s
	iters: 500, epoch: 8 | loss: 0.5314995
	speed: 0.0025s/iter; left time: 15.8984s
	iters: 600, epoch: 8 | loss: 0.6591917
	speed: 0.0025s/iter; left time: 15.6449s
	iters: 700, epoch: 8 | loss: 0.6976088
	speed: 0.0021s/iter; left time: 12.8743s
	iters: 800, epoch: 8 | loss: 0.6773814
	speed: 0.0020s/iter; left time: 12.0559s
	iters: 900, epoch: 8 | loss: 0.4503795
	speed: 0.0021s/iter; left time: 12.4617s
	iters: 1000, epoch: 8 | loss: 0.7081592
	speed: 0.0021s/iter; left time: 12.1540s
	iters: 1100, epoch: 8 | loss: 0.3465899
	speed: 0.0023s/iter; left time: 13.3718s
	iters: 1200, epoch: 8 | loss: 0.6654361
	speed: 0.0027s/iter; left time: 15.1984s
	iters: 1300, epoch: 8 | loss: 0.4183953
	speed: 0.0026s/iter; left time: 14.2249s
	iters: 1400, epoch: 8 | loss: 0.3069186
	speed: 0.0026s/iter; left time: 14.2357s
	iters: 1500, epoch: 8 | loss: 0.2329937
	speed: 0.0027s/iter; left time: 14.2203s
	iters: 1600, epoch: 8 | loss: 0.4236250
	speed: 0.0026s/iter; left time: 13.5302s
	iters: 1700, epoch: 8 | loss: 0.4143675
	speed: 0.0025s/iter; left time: 12.5832s
	iters: 1800, epoch: 8 | loss: 0.4075028
	speed: 0.0022s/iter; left time: 11.2021s
	iters: 1900, epoch: 8 | loss: 0.3795553
	speed: 0.0025s/iter; left time: 12.4464s
	iters: 2000, epoch: 8 | loss: 0.2451929
	speed: 0.0026s/iter; left time: 12.6077s
	iters: 2100, epoch: 8 | loss: 0.3074399
	speed: 0.0024s/iter; left time: 11.1590s
	iters: 2200, epoch: 8 | loss: 0.5179857
	speed: 0.0026s/iter; left time: 11.9844s
Epoch: 8 cost time: 5.783884763717651
Epoch: 8, Steps: 2278 | Train Loss: 0.4506024 Vali Loss: 0.4243391 Test Loss: 0.1743697
EarlyStopping counter: 2 out of 3
Updating learning rate to 7.8125e-06
	iters: 100, epoch: 9 | loss: 0.2217620
	speed: 0.0306s/iter; left time: 136.3314s
	iters: 200, epoch: 9 | loss: 0.2915251
	speed: 0.0021s/iter; left time: 9.1724s
	iters: 300, epoch: 9 | loss: 0.3076018
	speed: 0.0024s/iter; left time: 10.0137s
	iters: 400, epoch: 9 | loss: 0.2890184
	speed: 0.0027s/iter; left time: 11.0540s
	iters: 500, epoch: 9 | loss: 0.3113539
	speed: 0.0025s/iter; left time: 10.0255s
	iters: 600, epoch: 9 | loss: 0.6576756
	speed: 0.0021s/iter; left time: 8.4758s
	iters: 700, epoch: 9 | loss: 2.1555262
	speed: 0.0020s/iter; left time: 7.7424s
	iters: 800, epoch: 9 | loss: 0.2709500
	speed: 0.0020s/iter; left time: 7.6512s
	iters: 900, epoch: 9 | loss: 0.3891975
	speed: 0.0022s/iter; left time: 8.1032s
	iters: 1000, epoch: 9 | loss: 0.2680764
	speed: 0.0024s/iter; left time: 8.4686s
	iters: 1100, epoch: 9 | loss: 0.4446857
	speed: 0.0021s/iter; left time: 7.2550s
	iters: 1200, epoch: 9 | loss: 0.4157597
	speed: 0.0026s/iter; left time: 8.7932s
	iters: 1300, epoch: 9 | loss: 0.2993402
	speed: 0.0025s/iter; left time: 8.2120s
	iters: 1400, epoch: 9 | loss: 0.5055293
	speed: 0.0026s/iter; left time: 8.2183s
	iters: 1500, epoch: 9 | loss: 0.3070803
	speed: 0.0026s/iter; left time: 7.8153s
	iters: 1600, epoch: 9 | loss: 0.3534189
	speed: 0.0028s/iter; left time: 8.2636s
	iters: 1700, epoch: 9 | loss: 0.2341985
	speed: 0.0023s/iter; left time: 6.5966s
	iters: 1800, epoch: 9 | loss: 0.5638254
	speed: 0.0022s/iter; left time: 5.9655s
	iters: 1900, epoch: 9 | loss: 0.2300396
	speed: 0.0022s/iter; left time: 5.7786s
	iters: 2000, epoch: 9 | loss: 0.2223625
	speed: 0.0021s/iter; left time: 5.2534s
	iters: 2100, epoch: 9 | loss: 0.3839725
	speed: 0.0022s/iter; left time: 5.4851s
	iters: 2200, epoch: 9 | loss: 0.2034585
	speed: 0.0025s/iter; left time: 5.7965s
Epoch: 9 cost time: 5.530143976211548
Epoch: 9, Steps: 2278 | Train Loss: 0.4504530 Vali Loss: 0.4249054 Test Loss: 0.1731533
EarlyStopping counter: 3 out of 3
Early stopping
>>>>>>>testing : weather_336_96_DLinear_custom_ftM_sl336_ll48_pl96_dm512_nh8_el2_dl1_df2048_fc1_ebtimeF_dtTrue_Exp_0<<<<<<<<<<<<<<<<<<<<<<<<<<<<<<<<<
test 10444
mse:0.17564785480499268, mae:0.23862019181251526
